[debug] [2023-03-22T13:58:19.681Z] ----------------------------------------------------------------------
[debug] [2023-03-22T13:58:19.685Z] Command:       C:\Program Files\nodejs\node.exe C:\Users\X\AppData\Roaming\npm\node_modules\firebase-tools\lib\bin\firebase.js init
[debug] [2023-03-22T13:58:19.686Z] CLI Version:   11.25.1
[debug] [2023-03-22T13:58:19.686Z] Platform:      win32
[debug] [2023-03-22T13:58:19.686Z] Node Version:  v16.17.1
[debug] [2023-03-22T13:58:19.688Z] Time:          Wed Mar 22 2023 14:58:19 GMT+0100 (srednjoeuropsko standardno vrijeme)
[debug] [2023-03-22T13:58:19.689Z] ----------------------------------------------------------------------
[debug] 
[debug] [2023-03-22T13:58:19.835Z] > command requires scopes: ["email","openid","https://www.googleapis.com/auth/cloudplatformprojects.readonly","https://www.googleapis.com/auth/firebase","https://www.googleapis.com/auth/cloud-platform"]
[debug] [2023-03-22T13:58:19.836Z] > authorizing via signed-in user (robo.jukic2@gmail.com)
[info] 
     ######## #### ########  ######## ########     ###     ######  ########
     ##        ##  ##     ## ##       ##     ##  ##   ##  ##       ##
     ######    ##  ########  ######   ########  #########  ######  ######
     ##        ##  ##    ##  ##       ##     ## ##     ##       ## ##
     ##       #### ##     ## ######## ########  ##     ##  ######  ########

You're about to initialize a Firebase project in this directory:

  C:\Users\X\Desktop\amazon-clone

Before we get started, keep in mind:

  * You are initializing within an existing Firebase project directory

[info] 
=== Project Setup
[info] 
[info] First, let's associate this project directory with a Firebase project.
[info] You can create multiple project aliases by running firebase use --add, 
[info] but for now we'll just set up a default project.
[info] 
[debug] [2023-03-22T13:58:29.252Z] Using project from CLI flag: clone-636d9
[debug] [2023-03-22T13:58:29.254Z] > refreshing access token with scopes: []
[debug] [2023-03-22T13:58:29.257Z] >>> [apiv2][query] POST https://www.googleapis.com/oauth2/v3/token [none]
[debug] [2023-03-22T13:58:29.258Z] >>> [apiv2][body] POST https://www.googleapis.com/oauth2/v3/token [omitted]
[debug] [2023-03-22T13:58:29.582Z] <<< [apiv2][status] POST https://www.googleapis.com/oauth2/v3/token 200
[debug] [2023-03-22T13:58:29.583Z] <<< [apiv2][body] POST https://www.googleapis.com/oauth2/v3/token [omitted]
[debug] [2023-03-22T13:58:29.606Z] >>> [apiv2][query] GET https://firebase.googleapis.com/v1beta1/projects/clone-636d9 [none]
[debug] [2023-03-22T13:58:30.058Z] <<< [apiv2][status] GET https://firebase.googleapis.com/v1beta1/projects/clone-636d9 200
[debug] [2023-03-22T13:58:30.059Z] <<< [apiv2][body] GET https://firebase.googleapis.com/v1beta1/projects/clone-636d9 {"projectId":"clone-636d9","projectNumber":"507586639227","displayName":"clone","name":"projects/clone-636d9","resources":{"hostingSite":"clone-636d9"},"state":"ACTIVE","etag":"1_451d8ec9-21e2-4242-b3b4-4d9a54d94541"}
[info] i  Using project clone-636d9 (clone) 
[info] 
=== Hosting Setup
[info] 
[info] Your public directory is the folder (relative to your project directory) that
[info] will contain Hosting assets to be uploaded with firebase deploy. If you
[info] have a build process for your assets, use your build's output directory.
[info] 
[debug] [2023-03-22T13:58:48.678Z] >>> [apiv2][query] GET https://www.gstatic.com/firebasejs/releases.json [none]
[debug] [2023-03-22T13:58:48.892Z] <<< [apiv2][status] GET https://www.gstatic.com/firebasejs/releases.json 200
[debug] [2023-03-22T13:58:48.892Z] <<< [apiv2][body] GET https://www.gstatic.com/firebasejs/releases.json {"current":{"version":"9.18.0","browserURL":"https://www.gstatic.com/firebasejs/9.18.0/firebase.js","packageURL":"https://www.gstatic.com/firebasejs/9.18.0/firebase.tgz"},"live":{"version":"9.18","browserURL":"https://www.gstatic.com/firebasejs/live/9.18/firebase.js","packageURL":"https://www.gstatic.com/firebasejs/live/9.18/firebase.tgz"},"components":{"analytics":"https://www.gstatic.com/firebasejs/9.18.0/firebase-analytics.js","app":"https://www.gstatic.com/firebasejs/9.18.0/firebase-app.js","app-check":"https://www.gstatic.com/firebasejs/9.18.0/firebase-app-check.js","auth":"https://www.gstatic.com/firebasejs/9.18.0/firebase-auth.js","auth/cordova":"https://www.gstatic.com/firebasejs/9.18.0/firebase-auth/cordova.js","auth/react-native":"https://www.gstatic.com/firebasejs/9.18.0/firebase-auth/react-native.js","functions":"https://www.gstatic.com/firebasejs/9.18.0/firebase-functions.js","firestore":"https://www.gstatic.com/firebasejs/9.18.0/firebase-firestore.js","firestore/lite":"https://www.gstatic.com/firebasejs/9.18.0/firebase-firestore/lite.js","installations":"https://www.gstatic.com/firebasejs/9.18.0/firebase-installations.js","storage":"https://www.gstatic.com/firebasejs/9.18.0/firebase-storage.js","performance":"https://www.gstatic.com/firebasejs/9.18.0/firebase-performance.js","remote-config":"https://www.gstatic.com/firebasejs/9.18.0/firebase-remote-config.js","messaging":"https://www.gstatic.com/firebasejs/9.18.0/firebase-messaging.js","messaging/sw":"https://www.gstatic.com/firebasejs/9.18.0/firebase-messaging/sw.js","database":"https://www.gstatic.com/firebasejs/9.18.0/firebase-database.js","firestore.memory":"https://www.gstatic.com/firebasejs/9.18.0/firebase-firestore.memory.js"}}
[info] +  Wrote build/index.html 
[info] 
[info] i  Detected a .git folder at C:\Users\X\Desktop\amazon-clone 
[info] i  Authorizing with GitHub to upload your service account to a GitHub repository's secrets store. 
[info] 
[info] Visit this URL on this device to log in:
[info] https://github.com/login/oauth/authorize?client_id=89cf50f02ac6aaed3484&state=631085836&redirect_uri=http%3A%2F%2Flocalhost%3A9005&scope=read%3Auser%20repo%20public_repo
[info] 
[info] Waiting for authentication...
[debug] [2023-03-22T13:59:08.406Z] >>> [apiv2][query] POST https://github.com/login/oauth/access_token [none]
[debug] [2023-03-22T13:59:08.407Z] >>> [apiv2][body] POST https://github.com/login/oauth/access_token [stream]
[debug] [2023-03-22T13:59:08.825Z] <<< [apiv2][status] POST https://github.com/login/oauth/access_token 200
[debug] [2023-03-22T13:59:08.826Z] <<< [apiv2][body] POST https://github.com/login/oauth/access_token {"access_token":"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","token_type":"bearer","scope":"read:user,repo"}
[debug] [2023-03-22T13:59:08.839Z] >>> [apiv2][query] GET https://api.github.com/user [none]
[debug] [2023-03-22T13:59:09.192Z] <<< [apiv2][status] GET https://api.github.com/user 200
[debug] [2023-03-22T13:59:09.192Z] <<< [apiv2][body] GET https://api.github.com/user {"login":"robojukic","id":75844382,"node_id":"MDQ6VXNlcjc1ODQ0Mzgy","avatar_url":"https://avatars.githubusercontent.com/u/75844382?v=4","gravatar_id":"","url":"https://api.github.com/users/robojukic","html_url":"https://github.com/robojukic","followers_url":"https://api.github.com/users/robojukic/followers","following_url":"https://api.github.com/users/robojukic/following{/other_user}","gists_url":"https://api.github.com/users/robojukic/gists{/gist_id}","starred_url":"https://api.github.com/users/robojukic/starred{/owner}{/repo}","subscriptions_url":"https://api.github.com/users/robojukic/subscriptions","organizations_url":"https://api.github.com/users/robojukic/orgs","repos_url":"https://api.github.com/users/robojukic/repos","events_url":"https://api.github.com/users/robojukic/events{/privacy}","received_events_url":"https://api.github.com/users/robojukic/received_events","type":"User","site_admin":false,"name":"Robert Jukić","company":null,"blog":"","location":null,"email":null,"hireable":null,"bio":"Web developer","twitter_username":null,"public_repos":3,"public_gists":0,"followers":0,"following":0,"created_at":"2020-12-11T13:31:17Z","updated_at":"2023-03-13T13:26:35Z","private_gists":0,"total_private_repos":5,"owned_private_repos":5,"disk_usage":66614,"collaborators":0,"two_factor_authentication":false,"plan":{"name":"free","space":976562499,"collaborators":0,"private_repos":10000}}
[info] 
[info] +  Success! Logged into GitHub as robojukic 
[info] 
[debug] [2023-03-22T13:59:42.945Z] >>> [apiv2][query] GET https://api.github.com/repos/https://github.com/robojukic/Amazon-clone/actions/secrets/public-key type=owner
[debug] [2023-03-22T13:59:43.224Z] <<< [apiv2][status] GET https://api.github.com/repos/https://github.com/robojukic/Amazon-clone/actions/secrets/public-key 404
[debug] [2023-03-22T13:59:43.225Z] <<< [apiv2][body] GET https://api.github.com/repos/https://github.com/robojukic/Amazon-clone/actions/secrets/public-key {"message":"Not Found","documentation_url":"https://docs.github.com/rest"}
[debug] [2023-03-22T13:59:47.853Z] >>> [apiv2][query] GET https://api.github.com/repos/https://github.com/robojukic/Amazon-clone       /actions/secrets/public-key type=owner
[debug] [2023-03-22T13:59:48.126Z] <<< [apiv2][status] GET https://api.github.com/repos/https://github.com/robojukic/Amazon-clone       /actions/secrets/public-key 404
[debug] [2023-03-22T13:59:48.126Z] <<< [apiv2][body] GET https://api.github.com/repos/https://github.com/robojukic/Amazon-clone       /actions/secrets/public-key {"message":"Not Found","documentation_url":"https://docs.github.com/rest"}
[debug] [2023-03-22T13:59:49.972Z] >>> [apiv2][query] GET https://api.github.com/repos/https://github.com/robojukic/Amazon-clone      /actions/secrets/public-key type=owner
[debug] [2023-03-22T13:59:50.245Z] <<< [apiv2][status] GET https://api.github.com/repos/https://github.com/robojukic/Amazon-clone      /actions/secrets/public-key 404
[debug] [2023-03-22T13:59:50.246Z] <<< [apiv2][body] GET https://api.github.com/repos/https://github.com/robojukic/Amazon-clone      /actions/secrets/public-key {"message":"Not Found","documentation_url":"https://docs.github.com/rest"}
[debug] [2023-03-22T14:00:13.503Z] >>> [apiv2][query] GET https://api.github.com/repos/https://github.com/robojukic/Amazon-clone/actions/secrets/public-key type=owner
[debug] [2023-03-22T14:00:13.768Z] <<< [apiv2][status] GET https://api.github.com/repos/https://github.com/robojukic/Amazon-clone/actions/secrets/public-key 404
[debug] [2023-03-22T14:00:13.768Z] <<< [apiv2][body] GET https://api.github.com/repos/https://github.com/robojukic/Amazon-clone/actions/secrets/public-key {"message":"Not Found","documentation_url":"https://docs.github.com/rest"}
[debug] [2023-03-22T14:00:14.203Z] >>> [apiv2][query] GET https://api.github.com/repos/https://github.com/robojukic/Amazon-clone/actions/secrets/public-key type=owner
[debug] [2023-03-22T14:00:14.442Z] >>> [apiv2][query] GET https://api.github.com/repos//actions/secrets/public-key type=owner
[debug] [2023-03-22T14:00:14.462Z] <<< [apiv2][status] GET https://api.github.com/repos/https://github.com/robojukic/Amazon-clone/actions/secrets/public-key 404
[debug] [2023-03-22T14:00:14.462Z] <<< [apiv2][body] GET https://api.github.com/repos/https://github.com/robojukic/Amazon-clone/actions/secrets/public-key {"message":"Not Found","documentation_url":"https://docs.github.com/rest"}
[debug] [2023-03-22T14:00:14.630Z] >>> [apiv2][query] GET https://api.github.com/repos/https://github.com/robojukic/Amazon-clone/actions/secrets/public-key type=owner
[debug] [2023-03-22T14:00:14.717Z] <<< [apiv2][status] GET https://api.github.com/repos//actions/secrets/public-key 404
[debug] [2023-03-22T14:00:14.718Z] <<< [apiv2][body] GET https://api.github.com/repos//actions/secrets/public-key {"message":"Not Found","documentation_url":"https://docs.github.com/rest"}
[debug] [2023-03-22T14:00:14.892Z] <<< [apiv2][status] GET https://api.github.com/repos/https://github.com/robojukic/Amazon-clone/actions/secrets/public-key 404
[debug] [2023-03-22T14:00:14.892Z] <<< [apiv2][body] GET https://api.github.com/repos/https://github.com/robojukic/Amazon-clone/actions/secrets/public-key {"message":"Not Found","documentation_url":"https://docs.github.com/rest"}
[debug] [2023-03-22T14:00:16.434Z] >>> [apiv2][query] GET https://api.github.com/repos/ https://github.com/robojukic/Amazon-clone /actions/secrets/public-key type=owner
[debug] [2023-03-22T14:00:16.676Z] >>> [apiv2][query] GET https://api.github.com/repos//actions/secrets/public-key type=owner
[debug] [2023-03-22T14:00:16.695Z] <<< [apiv2][status] GET https://api.github.com/repos/ https://github.com/robojukic/Amazon-clone /actions/secrets/public-key 404
[debug] [2023-03-22T14:00:16.695Z] <<< [apiv2][body] GET https://api.github.com/repos/ https://github.com/robojukic/Amazon-clone /actions/secrets/public-key {"message":"Not Found","documentation_url":"https://docs.github.com/rest"}
[debug] [2023-03-22T14:00:16.891Z] >>> [apiv2][query] GET https://api.github.com/repos/ https://github.com/robojukic/Amazon-clone /actions/secrets/public-key type=owner
[debug] [2023-03-22T14:00:16.939Z] <<< [apiv2][status] GET https://api.github.com/repos//actions/secrets/public-key 404
[debug] [2023-03-22T14:00:16.939Z] <<< [apiv2][body] GET https://api.github.com/repos//actions/secrets/public-key {"message":"Not Found","documentation_url":"https://docs.github.com/rest"}
[debug] [2023-03-22T14:00:17.037Z] >>> [apiv2][query] GET https://api.github.com/repos//actions/secrets/public-key type=owner
[debug] [2023-03-22T14:00:17.161Z] <<< [apiv2][status] GET https://api.github.com/repos/ https://github.com/robojukic/Amazon-clone /actions/secrets/public-key 404
[debug] [2023-03-22T14:00:17.161Z] <<< [apiv2][body] GET https://api.github.com/repos/ https://github.com/robojukic/Amazon-clone /actions/secrets/public-key {"message":"Not Found","documentation_url":"https://docs.github.com/rest"}
[debug] [2023-03-22T14:00:17.175Z] >>> [apiv2][query] GET https://api.github.com/repos/ https://github.com/robojukic/Amazon-clone /actions/secrets/public-key type=owner
[debug] [2023-03-22T14:00:17.300Z] <<< [apiv2][status] GET https://api.github.com/repos//actions/secrets/public-key 404
[debug] [2023-03-22T14:00:17.301Z] <<< [apiv2][body] GET https://api.github.com/repos//actions/secrets/public-key {"message":"Not Found","documentation_url":"https://docs.github.com/rest"}
[debug] [2023-03-22T14:00:17.436Z] <<< [apiv2][status] GET https://api.github.com/repos/ https://github.com/robojukic/Amazon-clone /actions/secrets/public-key 404
[debug] [2023-03-22T14:00:17.436Z] <<< [apiv2][body] GET https://api.github.com/repos/ https://github.com/robojukic/Amazon-clone /actions/secrets/public-key {"message":"Not Found","documentation_url":"https://docs.github.com/rest"}
[debug] [2023-03-22T14:00:17.869Z] >>> [apiv2][query] GET https://api.github.com/repos/ https://github.com/robojukic/Amazon-clone /actions/secrets/public-key type=owner
[debug] [2023-03-22T14:00:18.064Z] >>> [apiv2][query] GET https://api.github.com/repos//actions/secrets/public-key type=owner
[debug] [2023-03-22T14:00:18.126Z] <<< [apiv2][status] GET https://api.github.com/repos/ https://github.com/robojukic/Amazon-clone /actions/secrets/public-key 404
[debug] [2023-03-22T14:00:18.126Z] <<< [apiv2][body] GET https://api.github.com/repos/ https://github.com/robojukic/Amazon-clone /actions/secrets/public-key {"message":"Not Found","documentation_url":"https://docs.github.com/rest"}
[debug] [2023-03-22T14:00:18.210Z] >>> [apiv2][query] GET https://api.github.com/repos/ https://github.com/robojukic/Amazon-clone /actions/secrets/public-key type=owner
[debug] [2023-03-22T14:00:18.322Z] <<< [apiv2][status] GET https://api.github.com/repos//actions/secrets/public-key 404
[debug] [2023-03-22T14:00:18.322Z] <<< [apiv2][body] GET https://api.github.com/repos//actions/secrets/public-key {"message":"Not Found","documentation_url":"https://docs.github.com/rest"}
[debug] [2023-03-22T14:00:18.377Z] >>> [apiv2][query] GET https://api.github.com/repos//actions/secrets/public-key type=owner
[debug] [2023-03-22T14:00:18.473Z] <<< [apiv2][status] GET https://api.github.com/repos/ https://github.com/robojukic/Amazon-clone /actions/secrets/public-key 404
[debug] [2023-03-22T14:00:18.474Z] <<< [apiv2][body] GET https://api.github.com/repos/ https://github.com/robojukic/Amazon-clone /actions/secrets/public-key {"message":"Not Found","documentation_url":"https://docs.github.com/rest"}
[debug] [2023-03-22T14:00:18.635Z] <<< [apiv2][status] GET https://api.github.com/repos//actions/secrets/public-key 404
[debug] [2023-03-22T14:00:18.635Z] <<< [apiv2][body] GET https://api.github.com/repos//actions/secrets/public-key {"message":"Not Found","documentation_url":"https://docs.github.com/rest"}
